Build started 1/30/2015 5:09:25 PM.
Project "C:\Users\Giulio\Documents\Visual Studio 2013\Projects\HW3Olympiad\HW3Olympiad.vcxproj" on node 2 (Build target(s)).
ClCompile:
  C:\Program Files\Microsoft Visual Studio 12.0\VC\bin\CL.exe /c /ZI /nologo /W3 /WX- /Od /Oy- /D WIN32 /D _DEBUG /D _CONSOLE /D _LIB /D _UNICODE /D UNICODE /Gm /EHsc /RTC1 /MDd /GS /fp:precise /Zc:wchar_t /Zc:forScope /Fo"Debug\\" /Fd"Debug\vc120.pdb" /Gd /TP /analyze- /errorReport:prompt Olympiad.cpp Year.cpp
  Year.cpp
c:\users\giulio\documents\visual studio 2013\projects\hw3olympiad\year.h(28): error C2146: syntax error : missing ';' before identifier 'getStringBC'
c:\users\giulio\documents\visual studio 2013\projects\hw3olympiad\year.h(28): error C4430: missing type specifier - int assumed. Note: C++ does not support default-int
c:\users\giulio\documents\visual studio 2013\projects\hw3olympiad\year.h(28): warning C4183: 'getStringBC': missing return type; assumed to be a member function returning 'int'
c:\users\giulio\documents\visual studio 2013\projects\hw3olympiad\year.h(29): error C2146: syntax error : missing ';' before identifier 'getStringAD'
c:\users\giulio\documents\visual studio 2013\projects\hw3olympiad\year.h(29): error C4430: missing type specifier - int assumed. Note: C++ does not support default-int
c:\users\giulio\documents\visual studio 2013\projects\hw3olympiad\year.h(29): warning C4183: 'getStringAD': missing return type; assumed to be a member function returning 'int'
c:\users\giulio\documents\visual studio 2013\projects\hw3olympiad\year.cpp(51): error C2556: 'std::string Year::getStringBC(void)' : overloaded function differs only by return type from 'int Year::getStringBC(void)'
          c:\users\giulio\documents\visual studio 2013\projects\hw3olympiad\year.h(28) : see declaration of 'Year::getStringBC'
c:\users\giulio\documents\visual studio 2013\projects\hw3olympiad\year.cpp(51): error C2371: 'Year::getStringBC' : redefinition; different basic types
          c:\users\giulio\documents\visual studio 2013\projects\hw3olympiad\year.h(28) : see declaration of 'Year::getStringBC'
c:\users\giulio\documents\visual studio 2013\projects\hw3olympiad\year.cpp(59): error C2556: 'std::string Year::getStringAD(void)' : overloaded function differs only by return type from 'int Year::getStringAD(void)'
          c:\users\giulio\documents\visual studio 2013\projects\hw3olympiad\year.h(29) : see declaration of 'Year::getStringAD'
c:\users\giulio\documents\visual studio 2013\projects\hw3olympiad\year.cpp(59): error C2371: 'Year::getStringAD' : redefinition; different basic types
          c:\users\giulio\documents\visual studio 2013\projects\hw3olympiad\year.h(29) : see declaration of 'Year::getStringAD'
  Olympiad.cpp
c:\users\giulio\documents\visual studio 2013\projects\hw3olympiad\year.h(28): error C2146: syntax error : missing ';' before identifier 'getStringBC'
c:\users\giulio\documents\visual studio 2013\projects\hw3olympiad\year.h(28): error C4430: missing type specifier - int assumed. Note: C++ does not support default-int
c:\users\giulio\documents\visual studio 2013\projects\hw3olympiad\year.h(28): warning C4183: 'getStringBC': missing return type; assumed to be a member function returning 'int'
c:\users\giulio\documents\visual studio 2013\projects\hw3olympiad\year.h(29): error C2146: syntax error : missing ';' before identifier 'getStringAD'
c:\users\giulio\documents\visual studio 2013\projects\hw3olympiad\year.h(29): error C4430: missing type specifier - int assumed. Note: C++ does not support default-int
c:\users\giulio\documents\visual studio 2013\projects\hw3olympiad\year.h(29): warning C4183: 'getStringAD': missing return type; assumed to be a member function returning 'int'
c:\users\giulio\documents\visual studio 2013\projects\hw3olympiad\olympiad.cpp(59): error C2062: type 'int' unexpected
c:\users\giulio\documents\visual studio 2013\projects\hw3olympiad\olympiad.cpp(59): warning C4552: '<' : operator has no effect; expected operator with side-effect
c:\users\giulio\documents\visual studio 2013\projects\hw3olympiad\olympiad.cpp(59): error C2065: 'game' : undeclared identifier
c:\users\giulio\documents\visual studio 2013\projects\hw3olympiad\olympiad.cpp(59): error C2143: syntax error : missing ';' before ')'
c:\users\giulio\documents\visual studio 2013\projects\hw3olympiad\olympiad.cpp(59): error C2143: syntax error : missing ';' before '{'
c:\users\giulio\documents\visual studio 2013\projects\hw3olympiad\olympiad.cpp(65): error C2065: 'game' : undeclared identifier
c:\users\giulio\documents\visual studio 2013\projects\hw3olympiad\olympiad.cpp(66): error C2065: 'game' : undeclared identifier
c:\users\giulio\documents\visual studio 2013\projects\hw3olympiad\olympiad.cpp(67): error C2065: 'game' : undeclared identifier
  Generating Code...
Done Building Project "C:\Users\Giulio\Documents\Visual Studio 2013\Projects\HW3Olympiad\HW3Olympiad.vcxproj" (Build target(s)) -- FAILED.

Build FAILED.

Time Elapsed 00:00:01.54
